EDA Netlist Writer report for CIRCUITO_COMBINACIONAL
Sat Oct 18 18:41:30 2025
Quartus II 32-bit Version 13.0.1 Build 232 06/12/2013 Service Pack 1 SJ Web Edition


---------------------
; Table of Contents ;
---------------------
  1. Legal Notice
  2. EDA Netlist Writer Summary
  3. EDA Netlist Writer Messages



----------------
; Legal Notice ;
----------------
Copyright (C) 1991-2013 Altera Corporation
Your use of Altera Corporation's design tools, logic functions 
and other software and tools, and its AMPP partner logic 
functions, and any output files from any of the foregoing 
(including device programming or simulation files), and any 
associated documentation or information are expressly subject 
to the terms and conditions of the Altera Program License 
Subscription Agreement, Altera MegaCore Function License 
Agreement, or other applicable license agreement, including, 
without limitation, that your use is for the sole purpose of 
programming logic devices manufactured by Altera and sold by 
Altera or its authorized distributors.  Please refer to the 
applicable agreement for further details.



+---------------------------------------------------------------+
; EDA Netlist Writer Summary                                    ;
+---------------------------+-----------------------------------+
; EDA Netlist Writer Status ; Failed - Sat Oct 18 18:41:30 2025 ;
; Revision Name             ; CIRCUITO_COMBINACIONAL            ;
; Top-level Entity Name     ; CIRCUITO_COMBINACIONAL            ;
; Family                    ; Cyclone III                       ;
+---------------------------+-----------------------------------+


+-----------------------------+
; EDA Netlist Writer Messages ;
+-----------------------------+
Info: *******************************************************************
Info: Running Quartus II 32-bit EDA Netlist Writer
    Info: Version 13.0.1 Build 232 06/12/2013 Service Pack 1 SJ Web Edition
    Info: Processing started: Sat Oct 18 18:41:28 2025
Info: Command: quartus_eda --functional=off --timescale=1ps --simulation=on --tool=modelsim_oem --format=verilog CIRCUITO_COMBINACIONAL -c CIRCUITO_COMBINACIONAL
Info (119006): Selected device EP3C120F780C7 for design "CIRCUITO_COMBINACIONAL"
Error (199063): Run the Fitter, followed by the TimeQuest Timing Analyzer, before running the EDA Netlist Writer
Error: Quartus II 32-bit EDA Netlist Writer was unsuccessful. 1 error, 0 warnings
    Error: Peak virtual memory: 0 megabytes
    Error: Processing ended: Sat Oct 18 18:41:30 2025
    Error: Elapsed time: 00:00:02
    Error: Total CPU time (on all processors): 00:00:00


